This is pdfTeX, Version 3.141592653-2.6-1.40.24 (MiKTeX 22.8.28) (preloaded format=pdflatex 2022.9.11)  11 SEP 2022 17:19
entering extended mode
 restricted \write18 enabled.
 file:line:error style messages enabled.
 %&-line parsing enabled.
**"c:/Users/jsman/OneDrive - correo.udistrital.edu.co/Documentos/LaTeX/Plantillas/main.tex"
(c:/Users/jsman/OneDrive - correo.udistrital.edu.co/Documentos/LaTeX/Plantillas/main.tex
LaTeX2e <2022-06-01> patch level 5
L3 programming layer <2022-08-30> (C:\Users\jsman\AppData\Local\Programs\MiKTeX\tex/latex/base\article.cls
Document Class: article 2021/10/04 v1.4n Standard LaTeX document class
(C:\Users\jsman\AppData\Local\Programs\MiKTeX\tex/latex/base\size11.clo
File: size11.clo 2021/10/04 v1.4n Standard LaTeX file (size option)
)
\c@part=\count185
\c@section=\count186
\c@subsection=\count187
\c@subsubsection=\count188
\c@paragraph=\count189
\c@subparagraph=\count190
\c@figure=\count191
\c@table=\count192
\abovecaptionskip=\skip47
\belowcaptionskip=\skip48
\bibindent=\dimen138
) (C:\Users\jsman\AppData\Local\Programs\MiKTeX\tex/latex/base\inputenc.sty
Package: inputenc 2021/02/14 v1.3d Input encoding file
\inpenc@prehook=\toks16
\inpenc@posthook=\toks17


! LaTeX Error: File `utf-8.def' not found.

Type X to quit or <RETURN> to proceed,
or enter new name. (Default extension: def)

Enter file name: 
C:\Users\jsman\AppData\Local\Programs\MiKTeX\tex/latex/base\inputenc.sty:164: Emergency stop.
<read *> 
         
l.164 \endinput
               ^^M
*** (cannot \read from terminal in nonstop modes)

 
Here is how much of TeX's memory you used:
 264 strings out of 475389
 4071 string characters out of 2777000
 342572 words of memory out of 3000000
 21726 multiletter control sequences out of 15000+600000
 469559 words of font info for 29 fonts, out of 8000000 for 9000
 1141 hyphenation exceptions out of 8191
 36i,0n,49p,230b,36s stack positions out of 10000i,1000n,20000p,200000b,80000s
C:\Users\jsman\AppData\Local\Programs\MiKTeX\tex/latex/base\inputenc.sty:164:  ==> Fatal error occurred, no output PDF file produced!
